Determining if the pthread_create exist failed with the following output:
Change Dir: /home/dionisius/Documents/tcc/NES/CMakeFiles/CMakeTmp

Run Build Command:"/usr/bin/make" "cmTC_2225d/fast"
/usr/bin/make -f CMakeFiles/cmTC_2225d.dir/build.make CMakeFiles/cmTC_2225d.dir/build
make[1]: Entering directory '/home/dionisius/Documents/tcc/NES/CMakeFiles/CMakeTmp'
Building C object CMakeFiles/cmTC_2225d.dir/CheckSymbolExists.c.o
/usr/bin/cc    -o CMakeFiles/cmTC_2225d.dir/CheckSymbolExists.c.o   -c /home/dionisius/Documents/tcc/NES/CMakeFiles/CMakeTmp/CheckSymbolExists.c
Linking C executable cmTC_2225d
/opt/cmake/cmake-3.11.0-Linux-x86_64/bin/cmake -E cmake_link_script CMakeFiles/cmTC_2225d.dir/link.txt --verbose=1
/usr/bin/cc      -rdynamic CMakeFiles/cmTC_2225d.dir/CheckSymbolExists.c.o  -o cmTC_2225d 
CMakeFiles/cmTC_2225d.dir/CheckSymbolExists.c.o: In function `main':
CheckSymbolExists.c:(.text+0x1b): undefined reference to `pthread_create'
collect2: error: ld returned 1 exit status
CMakeFiles/cmTC_2225d.dir/build.make:86: recipe for target 'cmTC_2225d' failed
make[1]: *** [cmTC_2225d] Error 1
make[1]: Leaving directory '/home/dionisius/Documents/tcc/NES/CMakeFiles/CMakeTmp'
Makefile:126: recipe for target 'cmTC_2225d/fast' failed
make: *** [cmTC_2225d/fast] Error 2

File /home/dionisius/Documents/tcc/NES/CMakeFiles/CMakeTmp/CheckSymbolExists.c:
/* */
#include <pthread.h>

int main(int argc, char** argv)
{
  (void)argv;
#ifndef pthread_create
  return ((int*)(&pthread_create))[argc];
#else
  (void)argc;
  return 0;
#endif
}

